[12:03:15] [main/INFO]: ModLauncher running: args [--username, d9_m_5, --version, 1.21.1, --gameDir, C:\Users\dninemfive\Games\Modrinth\AppData\profiles\LibPack, --assetsDir, C:\Users\dninemfive\Games\Modrinth\AppData\meta\assets, --assetIndex, 17, --uuid, d1e1af2bfd7d4b43adad6a600fb1b3c9, --accessToken, ❄❄❄❄❄❄❄❄, --clientId, c4502edb-87c6-40cb-b595-64a280cf8906, --xuid, 0, --userType, msa, --versionType, release, --width, 1920, --height, 1080, --fml.neoForgeVersion, 21.1.209, --fml.fmlVersion, 4.0.41, --fml.mcVersion, 1.21.1, --fml.neoFormVersion, 20240808.144430, --launchTarget, forgeclient]
[12:03:15] [main/INFO]: JVM identified as Microsoft OpenJDK 64-Bit Server VM 21.0.8+9-LTS
[12:03:15] [main/INFO]: ModLauncher 11.0.5+main.901c6ea8 starting: java version 21.0.8 by Microsoft; OS Windows 11 arch amd64 version 10.0
[12:03:15] [main/INFO]: Loading ImmediateWindowProvider fmlearlywindow
[12:03:15] [main/INFO]: Trying GL version 4.6
[12:03:16] [main/INFO]: Requested GL version 4.6 got version 4.6
[12:03:16] [main/INFO]: SpongePowered MIXIN Subsystem Version=0.8.7 Source=union:/C:/Users/dninemfive/Games/Modrinth/AppData/meta/libraries/net/fabricmc/sponge-mixin/0.15.2+mixin.0.8.7/sponge-mixin-0.15.2+mixin.0.8.7.jar%23166!/ Service=ModLauncher Env=CLIENT
[12:03:16] [pool-2-thread-1/INFO]: GL info: AMD Radeon RX 6700 XT GL version 4.6.0 Core Profile Context 24.30.18.241223, ATI Technologies Inc.
[12:03:16] [main/INFO]: Found mod file "client-1.21.1-20240808.144430-srg.jar" [locator: production client provider +net.neoforged:neoforge:21.1.209:client]
[12:03:16] [main/INFO]: Found mod file "neoforge-21.1.209-universal.jar" [locator: PathBasedLocator[name=neoforge, paths=[C:\Users\dninemfive\Games\Modrinth\AppData\meta\libraries\net\neoforged\neoforge\21.1.209\neoforge-21.1.209-universal.jar]], reader: mod manifest]
[12:03:16] [main/INFO]: Found mod file "actuallyharvest-1.21.1-1.1.3.6-NEOFORGE.jar" [locator: {mods folder locator at C:\Users\dninemfive\Games\Modrinth\AppData\profiles\LibPack\mods}, reader: mod manifest]
[12:03:16] [main/INFO]: Found mod file "advancementdisable-neoforge-1.0.1+1.21.jar" [locator: {mods folder locator at C:\Users\dninemfive\Games\Modrinth\AppData\profiles\LibPack\mods}, reader: mod manifest]
[12:03:16] [main/INFO]: Found mod file "advancementframes-1.21-2.2.10-neoforge.jar" [locator: {mods folder locator at C:\Users\dninemfive\Games\Modrinth\AppData\profiles\LibPack\mods}, reader: mod manifest]
[12:03:16] [main/INFO]: Found mod file "aether-1.21.1-1.5.10-neoforge.jar" [locator: {mods folder locator at C:\Users\dninemfive\Games\Modrinth\AppData\profiles\LibPack\mods}, reader: mod manifest]
[12:03:16] [main/INFO]: Found mod file "aether_emissivity-1.21.1-1.0.2-neoforge.jar" [locator: {mods folder locator at C:\Users\dninemfive\Games\Modrinth\AppData\profiles\LibPack\mods}, reader: mod manifest]
[12:03:16] [main/INFO]: Found mod file "aether_enhanced_extinguishing-1.21.1-1.0.0-neoforge.jar" [locator: {mods folder locator at C:\Users\dninemfive\Games\Modrinth\AppData\profiles\LibPack\mods}, reader: mod manifest]
[12:03:16] [main/INFO]: Found mod file "aether_protect_your_moa-1.21.1-1.0.0-neoforge.jar" [locator: {mods folder locator at C:\Users\dninemfive\Games\Modrinth\AppData\profiles\LibPack\mods}, reader: mod manifest]
[12:03:16] [main/INFO]: Found mod file "aiutd-1.0.8-1.21.1-Neoforge.jar" [locator: {mods folder locator at C:\Users\dninemfive\Games\Modrinth\AppData\profiles\LibPack\mods}, reader: mod manifest]
[12:03:16] [main/INFO]: Found mod file "almostunified-neoforge-1.21.1-1.3.0.jar" [locator: {mods folder locator at C:\Users\dninemfive\Games\Modrinth\AppData\profiles\LibPack\mods}, reader: mod manifest]
[12:03:16] [main/INFO]: Found mod file "amendments-1.21-2.0.8-neoforge.jar" [locator: {mods folder locator at C:\Users\dninemfive\Games\Modrinth\AppData\profiles\LibPack\mods}, reader: mod manifest]
[12:03:16] [main/INFO]: Found mod file "architectury-13.0.8-neoforge.jar" [locator: {mods folder locator at C:\Users\dninemfive\Games\Modrinth\AppData\profiles\LibPack\mods}, reader: mod manifest]
[12:03:16] [main/INFO]: Found mod file "Emojiful-Neoforge-1.21-5.2.1-all.jar" [locator: {mods folder locator at C:\Users\dninemfive\Games\Modrinth\AppData\profiles\LibPack\mods}, reader: mod manifest]
[12:03:16] [main/INFO]: Found mod file "letsdo-herbalbrews-neoforge-1.1.2.jar" [locator: {mods folder locator at C:\Users\dninemfive\Games\Modrinth\AppData\profiles\LibPack\mods}, reader: mod manifest]
[12:03:16] [main/INFO]: Found mod file "midnightlib-1.7.5-neoforge+1.21.1.jar" [locator: {mods folder locator at C:\Users\dninemfive\Games\Modrinth\AppData\profiles\LibPack\mods}, reader: mod manifest]
[12:03:16] [main/INFO]: Found mod file "moonlight-1.21-2.23.11-neoforge.jar" [locator: {mods folder locator at C:\Users\dninemfive\Games\Modrinth\AppData\profiles\LibPack\mods}, reader: mod manifest]
[12:03:16] [main/INFO]: Found mod file "owo-lib-neoforge-0.12.15.5-beta.1+1.21.jar" [locator: {mods folder locator at C:\Users\dninemfive\Games\Modrinth\AppData\profiles\LibPack\mods}, reader: mod manifest]
[12:03:16] [main/INFO]: Found 13 dependencies adding them to mods collection
[12:03:16] [main/INFO]: Found gamelibrary file "mixinextras-neoforge-0.5.0.jar" [parent: neoforge-21.1.209-universal.jar, locator: jarinjar, reader: mod manifest]
[12:03:16] [main/INFO]: Found mod file "nitrogen_internals-1.21.1-1.1.25-neoforge.jar" [parent: aether-1.21.1-1.5.10-neoforge.jar, locator: jarinjar, reader: mod manifest]
[12:03:16] [main/INFO]: Found library file "gson-0.1.5.1.jar" [parent: owo-lib-neoforge-0.12.15.5-beta.1+1.21.jar, locator: jarinjar]
[12:03:16] [main/INFO]: Found library file "yamlbeans-1.17.jar" [parent: Emojiful-Neoforge-1.21-5.2.1-all.jar, locator: jarinjar]
[12:03:16] [main/INFO]: Found mod file "fabric-api-base-0.4.42+d1308dedd1.jar" [parent: owo-lib-neoforge-0.12.15.5-beta.1+1.21.jar, locator: jarinjar, reader: mod manifest]
[12:03:16] [main/INFO]: Found mod file "accessories-neoforge-1.1.0-beta.48+1.21.1.jar" [parent: aether-1.21.1-1.5.10-neoforge.jar, locator: jarinjar, reader: mod manifest]
[12:03:16] [main/INFO]: Found mod file "cumulus_menus-1.21.1-2.0.7-neoforge.jar" [parent: aether-1.21.1-1.5.10-neoforge.jar, locator: jarinjar, reader: mod manifest]
[12:03:16] [main/INFO]: Found library file "jankson-0.1.5.1.jar" [parent: owo-lib-neoforge-0.12.15.5-beta.1+1.21.jar, locator: jarinjar]
[12:03:16] [main/INFO]: Found mod file "whitenoise-1.21.1-neoforge-1.1.1.jar" [parent: actuallyharvest-1.21.1-1.1.3.6-NEOFORGE.jar, locator: jarinjar, reader: mod manifest]
[12:03:16] [main/INFO]: Found library file "netty-0.1.4.1.jar" [parent: owo-lib-neoforge-0.12.15.5-beta.1+1.21.jar, locator: jarinjar]
[12:03:16] [main/INFO]: Found library file "endec-0.1.8.1.jar" [parent: owo-lib-neoforge-0.12.15.5-beta.1+1.21.jar, locator: jarinjar]
[12:03:16] [main/INFO]: Found library file "net.neoforged.neoforge-coremods-21.1.209.jar" [parent: neoforge-21.1.209-universal.jar, locator: jarinjar, reader: mod manifest]
[12:03:16] [main/INFO]: Found library file "jankson-1.2.2.jar" [parent: owo-lib-neoforge-0.12.15.5-beta.1+1.21.jar, locator: jarinjar]
[12:03:16] [main/INFO]: 
     Mod List:
		Name Version (Mod Id)

		[Let's Do] HerbalBrews 1.1.2 (herbalbrews)
		Accessories 1.1.0-beta.48+1.21.1 (accessories)
		ActuallyHarvest 1.1.3.6 (actuallyharvest)
		Advancement Frames 1.21-2.2.10 (advancementframes)
		AdvancementDisable 1.0.0 (advancementdisable)
		AlmostUnified 1.21.1-1.3.0 (almostunified)
		Am I Up To Date? 1.0.8-1.21.1-Neoforge (aiutd)
		Amendments 1.21-2.0.8 (amendments)
		Architectury 13.0.8 (architectury)
		Cumulus 2.0.7 (cumulus_menus)
		Emissivity 1.0.2 (aether_emissivity)
		Emojiful 5.2.1 (emojiful)
		Enhanced Extinguishing 1.0.0 (aether_enhanced_extinguishing)
		Forgified Fabric API Base 0.4.42+d1308dedd1 (fabric_api_base)
		MidnightLib 1.7.5 (midnightlib)
		Minecraft 1.21.1 (minecraft)
		Moonlight Lib 1.21-2.23.11 (moonlight)
		NeoForge 21.1.209 (neoforge)
		Nitrogen 1.1.25 (nitrogen_internals)
		oωo 0.12.15.5-beta.1+1.21 (owo)
		Protect Your Moa 1.0.0 (aether_protect_your_moa)
		The Aether 1.5.10 (aether)
		WhiteNoise 1.1.1 (whitenoise)
[12:03:17] [main/INFO]: Compatibility level set to JAVA_17
[12:03:17] [main/INFO]: Compatibility level set to JAVA_21
[12:03:17] [main/INFO]: Launching target 'forgeclient' with arguments [--version, 1.21.1, --gameDir, C:\Users\dninemfive\Games\Modrinth\AppData\profiles\LibPack, --assetsDir, C:\Users\dninemfive\Games\Modrinth\AppData\meta\assets, --uuid, d1e1af2bfd7d4b43adad6a600fb1b3c9, --username, d9_m_5, --assetIndex, 17, --accessToken, ❄❄❄❄❄❄❄❄, --clientId, c4502edb-87c6-40cb-b595-64a280cf8906, --xuid, 0, --userType, msa, --versionType, release, --width, 1920, --height, 1080]
[12:03:17] [main/WARN]: Reference map 'aether_emissivity.refmap.json' for aether_emissivity.mixins.json could not be read. If this is a development environment you can ignore this message
[12:03:17] [main/WARN]: Reference map '' for accessories-common.mixins.json could not be read. If this is a development environment you can ignore this message
[12:03:17] [main/WARN]: Reference map '' for accessories-forge.mixins.json could not be read. If this is a development environment you can ignore this message
[12:03:17] [main/WARN]: Reference map 'cumulus_menus.refmap.json' for cumulus_menus.mixins.json could not be read. If this is a development environment you can ignore this message
[12:03:17] [main/WARN]: Reference map 'cumulus_menus.refmap.json' for cumulus_menus.neoforge.mixins.json could not be read. If this is a development environment you can ignore this message
[12:03:17] [main/WARN]: Reference map 'aether_protect_your_moa.refmap.json' for aether_protect_your_moa.mixins.json could not be read. If this is a development environment you can ignore this message
[12:03:17] [main/WARN]: Reference map 'aether.refmap.json' for aether.mixins.json could not be read. If this is a development environment you can ignore this message
[12:03:17] [main/WARN]: Reference map 'nitrogen_internals.refmap.json' for nitrogen_internals.mixins.json could not be read. If this is a development environment you can ignore this message
[12:03:17] [main/WARN]: Reference map 'emojiful.refmap.json' for emojiful.mixins.json could not be read. If this is a development environment you can ignore this message
[12:03:17] [main/WARN]: Error loading class: vectorwing/farmersdelight/common/block/StandingCanvasSignBlock (java.lang.ClassNotFoundException: vectorwing.farmersdelight.common.block.StandingCanvasSignBlock)
[12:03:17] [main/WARN]: Error loading class: vectorwing/farmersdelight/common/block/WallCanvasSignBlock (java.lang.ClassNotFoundException: vectorwing.farmersdelight.common.block.WallCanvasSignBlock)
[12:03:17] [main/WARN]: Error loading class: vectorwing/farmersdelight/client/renderer/HangingCanvasSignRenderer (java.lang.ClassNotFoundException: vectorwing.farmersdelight.client.renderer.HangingCanvasSignRenderer)
[12:03:17] [main/WARN]: Error loading class: vectorwing/farmersdelight/client/renderer/CanvasSignRenderer (java.lang.ClassNotFoundException: vectorwing.farmersdelight.client.renderer.CanvasSignRenderer)
[12:03:17] [main/WARN]: Error loading class: vectorwing/farmersdelight/client/gui/CanvasSignEditScreen (java.lang.ClassNotFoundException: vectorwing.farmersdelight.client.gui.CanvasSignEditScreen)
[12:03:17] [main/WARN]: Error loading class: net/mehvahdjukaar/supplementaries/common/entities/SlimeBallEntity (java.lang.ClassNotFoundException: net.mehvahdjukaar.supplementaries.common.entities.SlimeBallEntity)
[12:03:17] [main/WARN]: Error loading class: org/jetbrains/annotations/ApiStatus$Internal (java.lang.ClassNotFoundException: org.jetbrains.annotations.ApiStatus$Internal)
[12:03:17] [main/INFO]: Initializing MixinExtras via com.llamalad7.mixinextras.service.MixinExtrasServiceImpl(version=0.5.0).
[02Oct2025 12:03:18.989] [Datafixer Bootstrap/INFO] [com.mojang.datafixers.DataFixerBuilder/]: 229 Datafixer optimizations took 210 milliseconds
[02Oct2025 12:03:22.420] [Render thread/WARN] [net.minecraft.server.packs.VanillaPackResourcesBuilder/]: Assets URL 'union:/C:/Users/dninemfive/Games/Modrinth/AppData/meta/libraries/net/minecraft/client/1.21.1-20240808.144430/client-1.21.1-20240808.144430-srg.jar%23206!/assets/.mcassetsroot' uses unexpected schema
[02Oct2025 12:03:22.420] [Render thread/WARN] [net.minecraft.server.packs.VanillaPackResourcesBuilder/]: Assets URL 'union:/C:/Users/dninemfive/Games/Modrinth/AppData/meta/libraries/net/minecraft/client/1.21.1-20240808.144430/client-1.21.1-20240808.144430-srg.jar%23206!/data/.mcassetsroot' uses unexpected schema
[02Oct2025 12:03:22.438] [Render thread/INFO] [com.mojang.authlib.yggdrasil.YggdrasilAuthenticationService/]: Environment: Environment[sessionHost=https://sessionserver.mojang.com, servicesHost=https://api.minecraftservices.com, name=PROD]
[02Oct2025 12:03:22.444] [Render thread/INFO] [net.minecraft.client.Minecraft/]: Setting user: d9_m_5
[02Oct2025 12:03:22.511] [Render thread/INFO] [net.minecraft.client.Minecraft/]: Backend library: LWJGL version 3.3.3+5
[02Oct2025 12:03:22.707] [modloading-worker-0/INFO] [owo/]: chyz: How could you do this to me, Blod. I loved you like a guy I don't know in real life :(
[02Oct2025 12:03:22.773] [modloading-worker-0/INFO] [net.neoforged.neoforge.common.NeoForgeMod/NEOFORGE-MOD]: NeoForge mod loading, version 21.1.209, for MC 1.21.1
[02Oct2025 12:03:23.444] [modloading-sync-worker/INFO] [Moonlight/]: Initialized block sets in 7ms
[02Oct2025 12:03:23.806] [modloading-sync-worker/WARN] [net.neoforged.fml.config.ConfigTracker/]: Opening a config that was already loaded with value LoadedConfig[config=SynchronizedConfig{DataHolder:{general=SynchronizedConfig{DataHolder:{tooltip_hints=true, custom_configured_screen=true}}, sign=SynchronizedConfig{DataHolder:{pixel_consistent=true, text_color_multiplier=1.2}}, projectiles=SynchronizedConfig{DataHolder:{snowball_3d=true, fireball_3d=true, ghast_fireball_trail=true, dragon_fireball_trail=true, charges_tumble=true, projectiles_tumble=false, dragon_fireball=SynchronizedConfig{DataHolder:{dragon_breath_emissive=true}}}}, lily_pad=SynchronizedConfig{DataHolder:{y_offset=-0.016625}}, bell=SynchronizedConfig{DataHolder:{chain_attachment=true}}, brewing_stand=SynchronizedConfig{DataHolder:{brewing_stand_colors=true}}, arrows=SynchronizedConfig{DataHolder:{crossbows_colors=true}}, tripwire_hook=SynchronizedConfig{DataHolder:{fast_hooks=false}}, hanging_sign=SynchronizedConfig{DataHolder:{item_pixel_scale=10.0, swinging_signs=true, sign_attachment=true, swing_physics=SynchronizedConfig{DataHolder:{min_angle=0.7999999523162842, collision_force=15.0, damping=0.5249999761581421, collision_inertia=1.0, collision_considers_entity_hitbox=true, frequency=0.6000000238418579, max_angle=60.0}}}}, lantern=SynchronizedConfig{DataHolder:{fast_lanterns=false, lantern_item_size=0.625, lantern_item_holding=true, lantern_item_holding_up=false, swing_physics=SynchronizedConfig{DataHolder:{min_angle=0.7999999523162842, collision_force=15.0, damping=0.5249999761581421, collision_inertia=1.0, collision_considers_entity_hitbox=true, frequency=0.6000000238418579, max_angle=60.0}}}}, cauldron=SynchronizedConfig{DataHolder:{potion_texture=true}}, jukebox=SynchronizedConfig{DataHolder:{new_model=true, disc_spin=true}}, misc=SynchronizedConfig{DataHolder:{torch_item_holding=true, torch_item_size=1.0, candle_holder_item_holding=true, handle_holder_item_size=0.625, fixed_holding_animations=false, campfire_smoke_through_blocks=false}}}}, path=C:\Users\dninemfive\Games\Modrinth\AppData\profiles\LibPack\config\amendments-client.toml, modConfig=net.neoforged.fml.config.ModConfig@27937660] at path amendments-client.toml
[02Oct2025 12:03:23.808] [modloading-sync-worker/WARN] [net.neoforged.fml.config.ConfigTracker/]: Opening a config that was already loaded with value LoadedConfig[config=SynchronizedConfig{DataHolder:{general=SynchronizedConfig{DataHolder:{merge_dynamic_resource_packs=true, lazy_map_upload=true, maps_mipmap=3, consistent_entity_renderer_shading=NO_GUI}}}}, path=C:\Users\dninemfive\Games\Modrinth\AppData\profiles\LibPack\config\moonlight-client.toml, modConfig=net.neoforged.fml.config.ModConfig@5389dfd1] at path moonlight-client.toml
[02Oct2025 12:03:23.809] [modloading-sync-worker/WARN] [net.neoforged.fml.config.ConfigTracker/]: Opening a config that was already loaded with value LoadedConfig[config=SynchronizedConfig{DataHolder:{general=SynchronizedConfig{DataHolder:{extra_debug=false, extra_children_debug=false, faster_cache_search=true}}}}, path=C:\Users\dninemfive\Games\Modrinth\AppData\profiles\LibPack\config\moonlight-common.toml, modConfig=net.neoforged.fml.config.ModConfig@56addb84] at path moonlight-common.toml
[02Oct2025 12:03:23.810] [modloading-sync-worker/WARN] [net.neoforged.fml.config.ConfigTracker/]: Opening a config that was already loaded with value LoadedConfig[config=SynchronizedConfig{DataHolder:{lectern=SynchronizedConfig{DataHolder:{improved_screen=true}}, fireball=SynchronizedConfig{DataHolder:{thrown_cooldown=10, dragon_charge=true, gravity=true, deflectable=false, fire_charges_throwable=true, fire_charges_dispenser_behavior=true, improved_explosions=true}}, snowball=SynchronizedConfig{DataHolder:{freeze_ticks=35}}, hanging_signs=SynchronizedConfig{DataHolder:{items_on_signs=true}}, cauldron=SynchronizedConfig{DataHolder:{enhanced_cauldron=true, hand_crafting=true, in_world_crafting=true, dye_water=true, dye_recipes_per_layer=4, potion_recipes_per_layer=2, potions_mixing=ON, potion_mixing_limit=8, connect_to_fences=true, consistent_lava_layers=false, inverse_potions=SynchronizedConfig{DataHolder:{minecraft:mining_fatigue=minecraft:haste, minecraft:instant_health=minecraft:instant_damage, minecraft:unluck=minecraft:luck, minecraft:instant_damage=minecraft:instant_health, minecraft:weakness=minecraft:strength, minecraft:slowness=minecraft:speed, minecraft:haste=minecraft:mining_fatigue, minecraft:strength=minecraft:weakness, minecraft:speed=minecraft:slowness, minecraft:luck=minecraft:unluck}}}}, tripwire_hook=SynchronizedConfig{DataHolder:{tool_hook=true}}, carpets=SynchronizedConfig{DataHolder:{carpeted_stairs=true, carpeted_slabs=true}}, cake=SynchronizedConfig{DataHolder:{double_cake=true, directional_cake=true}}, mob_head=SynchronizedConfig{DataHolder:{skull_piles=true, skull_candles=true, multiple_candles=true}}, flower_pot=SynchronizedConfig{DataHolder:{hanging_pot=true}}, lantern=SynchronizedConfig{DataHolder:{wall_lanterns=true, high_priority=true, mod_blacklist=[bbb, extlights, betterendforge, spelunkery, galosphere, tconstruct, enigmaticlegacy, beautify], id_whitelist=[enlightened_end:xenon_lantern], falling_lanterns=ON}}, bell=SynchronizedConfig{DataHolder:{chain_ringing=true, chain_length=16}}, banners=SynchronizedConfig{DataHolder:{ceiling_banners=true}}, misc=SynchronizedConfig{DataHolder:{dye_blocks=false}}, torch=SynchronizedConfig{DataHolder:{torch_fire=true, torch_fire_offhand=false, torch_fire_duration=2}}, lily_pad=SynchronizedConfig{DataHolder:{better_lilypads=true}}}}, path=C:\Users\dninemfive\Games\Modrinth\AppData\profiles\LibPack\config\amendments-common.toml, modConfig=net.neoforged.fml.config.ModConfig@3b64c56c] at path amendments-common.toml
[02Oct2025 12:03:23.830] [Render thread/INFO] [Moonlight/]: Merging 2 images using mode MIN_AREA_NO_UPSCALE
[02Oct2025 12:03:24.050] [Render thread/WARN] [net.minecraft.client.Options/]: Removed resource pack mod/seamless:resourcepacks/default_seamless from options because it doesn't seem to exist anymore
[02Oct2025 12:03:24.472] [Render thread/INFO] [net.minecraft.server.packs.resources.ReloadableResourceManager/]: Reloading ResourceManager: vanilla, mod_resources, mod/aether_enhanced_extinguishing, mod/moonlight, mod/fabric_api_base, mod/aether_emissivity, mod/owo, mod/accessories, mod/midnightlib, mod/cumulus_menus, mod/aether_protect_your_moa, mod/amendments, mod/architectury, mod/herbalbrews, mod/whitenoise, mod/aether, mod/nitrogen_internals, mod/aiutd, mod/emojiful, mod/actuallyharvest, mod/advancementframes, mod/neoforge, mod/advancementdisable, mod/almostunified, builtin/emissivity_model_override, moonlight:merged_pack
[02Oct2025 12:03:24.481] [Worker-Main-1/INFO] [Moonlight/]: Starting Legacy Runtime Resource Generation for pack type CLIENT_RESOURCES with generators from mods [amendments]: [net.mehvahdjukaar.amendments.client.ClientResourceGenerator@1c01b99d]
[02Oct2025 12:03:24.481] [Worker-Main-1/INFO] [Moonlight/]: Generating runtime assets for pack amendments:generated_pack (amendments)
[02Oct2025 12:03:24.518] [Worker-Main-1/INFO] [Amendments/]: Generated runtime CLIENT_RESOURCES for pack amendments:generated_pack (amendments) in: 37 ms (multithreaded)
[02Oct2025 12:03:24.519] [Worker-Main-1/INFO] [Moonlight/]: Finished Legacy Runtime Resources Generation for 1 packs in a total of 38 ms
[02Oct2025 12:03:24.522] [Worker-Main-1/INFO] [Moonlight/]: Resource cache state for CLIENT_RESOURCES: needs regeneration
[02Oct2025 12:03:24.522] [Worker-Main-1/INFO] [Moonlight/]: Starting runtime resource generation for pack type CLIENT_RESOURCES with generators [moonlight:dynamic_resources]
[02Oct2025 12:03:24.522] [Worker-Main-1/INFO] [Moonlight/]: Regenerating Dynamic CLIENT_RESOURCES Resources Provider [moonlight:dynamic_resources], requested by strategy REGEN_ON_EVERY_RELOAD
[02Oct2025 12:03:24.525] [Worker-Main-1/INFO] [Moonlight/]: Generated runtime CLIENT_RESOURCES for pack moonlight:dynamic_resources in 2.470 ms
[02Oct2025 12:03:24.525] [Worker-Main-1/INFO] [Moonlight/]: Finished runtime resources generation for 1 packs in a total of 3.280 ms 
[02Oct2025 12:03:24.627] [NeoForge Version Check/INFO] [net.neoforged.fml.VersionChecker/]: [aether_enhanced_extinguishing] Starting version check at https://github.com/The-Aether-Team/Enhanced-Extinguishing/raw/1.21.1-develop/update.json
[02Oct2025 12:03:24.647] [Worker-Main-14/INFO] [net.minecraft.client.gui.font.providers.UnihexProvider/]: Found unifont_all_no_pua-15.1.05.hex, loading
[02Oct2025 12:03:24.654] [Worker-Main-3/INFO] [net.minecraft.client.gui.font.providers.UnihexProvider/]: Found unifont_jp_patch-15.1.05.hex, loading
[02Oct2025 12:03:24.747] [Render thread/INFO] [Moonlight/]: Initialized color sets in 14ms
[02Oct2025 12:03:24.864] [Worker-Main-9/INFO] [WhiteNoise/]: Registering config screens for mod whitenoise with 1 config(s)
[02Oct2025 12:03:24.866] [Worker-Main-9/INFO] [WhiteNoise/]: Registering config screens for mod actuallyharvest with 1 config(s)
[02Oct2025 12:03:24.879] [Thread-4/INFO] [Emojiful/]: Loaded 1911 emojis
[02Oct2025 12:03:25.322] [NeoForge Version Check/INFO] [net.neoforged.fml.VersionChecker/]: [aether_enhanced_extinguishing] Found status: UP_TO_DATE Current: 1.0.0 Target: null
[02Oct2025 12:03:25.322] [NeoForge Version Check/INFO] [net.neoforged.fml.VersionChecker/]: [aether_emissivity] Starting version check at https://github.com/The-Aether-Team/Emissivity/raw/1.21.1-develop/update.json
[02Oct2025 12:03:25.395] [NeoForge Version Check/INFO] [net.neoforged.fml.VersionChecker/]: [aether_emissivity] Found status: UP_TO_DATE Current: 1.0.2 Target: null
[02Oct2025 12:03:25.395] [NeoForge Version Check/INFO] [net.neoforged.fml.VersionChecker/]: [aether_protect_your_moa] Starting version check at https://github.com/The-Aether-Team/Protect-Your-Moa/raw/1.21.1-develop/update.json
[02Oct2025 12:03:25.554] [NeoForge Version Check/INFO] [net.neoforged.fml.VersionChecker/]: [aether_protect_your_moa] Found status: UP_TO_DATE Current: 1.0.0 Target: null
[02Oct2025 12:03:25.554] [NeoForge Version Check/INFO] [net.neoforged.fml.VersionChecker/]: [aether] Starting version check at https://github.com/The-Aether-Team/The-Aether/raw/1.21.1-develop/update.json
[02Oct2025 12:03:25.645] [NeoForge Version Check/INFO] [net.neoforged.fml.VersionChecker/]: [aether] Found status: UP_TO_DATE Current: 1.5.10 Target: null
[02Oct2025 12:03:25.645] [NeoForge Version Check/INFO] [net.neoforged.fml.VersionChecker/]: [actuallyharvest] Starting version check at https://raw.githubusercontent.com/wendall911/ActuallyHarvest/1.21.1/files/updates.json
[02Oct2025 12:03:25.661] [NeoForge Version Check/INFO] [net.neoforged.fml.VersionChecker/]: [actuallyharvest] Found status: UP_TO_DATE Current: 1.1.3.6 Target: null
[02Oct2025 12:03:26.019] [Render thread/WARN] [net.minecraft.client.sounds.SoundEngine/]: Missing sound for event: minecraft:item.goat_horn.play
[02Oct2025 12:03:26.019] [Render thread/WARN] [net.minecraft.client.sounds.SoundEngine/]: Missing sound for event: minecraft:entity.goat.screaming.horn_break
[02Oct2025 12:03:26.021] [Render thread/WARN] [net.minecraft.client.sounds.SoundEngine/]: Missing sound for event: aether:entity.sentry.ambient
[02Oct2025 12:03:26.057] [Render thread/INFO] [com.mojang.blaze3d.audio.Library/]: OpenAL initialized on device OpenAL Soft on Headset Earphone (HyperX Virtual Surround Sound)
[02Oct2025 12:03:26.058] [Render thread/INFO] [net.minecraft.client.sounds.SoundEngine/SOUNDS]: Sound engine started
[02Oct2025 12:03:26.140] [Render thread/INFO] [net.minecraft.client.renderer.texture.TextureAtlas/]: Created: 1024x1024x4 minecraft:textures/atlas/blocks.png-atlas
[02Oct2025 12:03:26.150] [Render thread/INFO] [net.minecraft.client.renderer.texture.TextureAtlas/]: Created: 256x256x4 minecraft:textures/atlas/signs.png-atlas
[02Oct2025 12:03:26.150] [Render thread/INFO] [net.minecraft.client.renderer.texture.TextureAtlas/]: Created: 512x512x4 minecraft:textures/atlas/shield_patterns.png-atlas
[02Oct2025 12:03:26.150] [Render thread/INFO] [net.minecraft.client.renderer.texture.TextureAtlas/]: Created: 512x512x4 minecraft:textures/atlas/banner_patterns.png-atlas
[02Oct2025 12:03:26.150] [Render thread/INFO] [net.minecraft.client.renderer.texture.TextureAtlas/]: Created: 2048x1024x4 minecraft:textures/atlas/armor_trims.png-atlas
[02Oct2025 12:03:26.156] [Render thread/INFO] [net.minecraft.client.renderer.texture.TextureAtlas/]: Created: 128x64x4 minecraft:textures/atlas/decorated_pot.png-atlas
[02Oct2025 12:03:26.156] [Render thread/INFO] [net.minecraft.client.renderer.texture.TextureAtlas/]: Created: 256x256x4 minecraft:textures/atlas/chest.png-atlas
[02Oct2025 12:03:26.156] [Render thread/INFO] [net.minecraft.client.renderer.texture.TextureAtlas/]: Created: 512x256x4 minecraft:textures/atlas/shulker_boxes.png-atlas
[02Oct2025 12:03:26.157] [Render thread/INFO] [net.minecraft.client.renderer.texture.TextureAtlas/]: Created: 512x256x4 minecraft:textures/atlas/beds.png-atlas
[02Oct2025 12:03:26.214] [Render thread/INFO] [net.minecraft.client.renderer.texture.TextureAtlas/]: Created: 512x256x0 minecraft:textures/atlas/particles.png-atlas
[02Oct2025 12:03:26.216] [Render thread/INFO] [net.minecraft.client.renderer.texture.TextureAtlas/]: Created: 512x256x0 minecraft:textures/atlas/paintings.png-atlas
[02Oct2025 12:03:26.216] [Render thread/INFO] [net.minecraft.client.renderer.texture.TextureAtlas/]: Created: 256x128x0 minecraft:textures/atlas/mob_effects.png-atlas
[02Oct2025 12:03:26.216] [Render thread/INFO] [net.minecraft.client.renderer.texture.TextureAtlas/]: Created: 256x256x0 minecraft:textures/atlas/map_decorations.png-atlas
[02Oct2025 12:03:26.216] [Render thread/INFO] [net.minecraft.client.renderer.texture.TextureAtlas/]: Created: 2048x1024x0 minecraft:textures/atlas/gui.png-atlas
[02Oct2025 12:03:26.239] [Render thread/WARN] [net.minecraft.client.renderer.ShaderInstance/]: Shader rendertype_entity_translucent_emissive could not find sampler named Sampler2 in the specified shader program.
[02Oct2025 12:03:26.291] [Render thread/INFO] [net.neoforged.neoforge.client.entity.animation.json.AnimationLoader/]: Loaded 0 entity animations
[02Oct2025 12:03:26.321] [Render thread/ERROR] [vesper.aiutd.VersionGrabber/]: fetchVersionError: 
java.net.URISyntaxException: Illegal character in path at index 36: https://api.modrinth.com/v2/project/<id>/version
	at java.base/java.net.URI$Parser.fail(URI.java:2995) ~[?:?]
	at java.base/java.net.URI$Parser.checkChars(URI.java:3166) ~[?:?]
	at java.base/java.net.URI$Parser.parseHierarchical(URI.java:3248) ~[?:?]
	at java.base/java.net.URI$Parser.parse(URI.java:3196) ~[?:?]
	at java.base/java.net.URI.<init>(URI.java:645) ~[?:?]
	at TRANSFORMER/aiutd@1.0.8-1.21.1-Neoforge/vesper.aiutd.VersionGrabber.getLatestVersion(VersionGrabber.java:23) ~[aiutd-1.0.8-1.21.1-Neoforge.jar%23215!/:?]
	at TRANSFORMER/minecraft@1.21.1/net.minecraft.client.gui.screens.TitleScreen.setVersion(TitleScreen.java:2535) ~[client-1.21.1-20240808.144430-srg.jar%23206!/:?]
	at TRANSFORMER/minecraft@1.21.1/net.minecraft.client.gui.screens.TitleScreen.handler$zlo000$aiutd$addUpdateNotice(TitleScreen.java:2549) ~[client-1.21.1-20240808.144430-srg.jar%23206!/:?]
	at TRANSFORMER/minecraft@1.21.1/net.minecraft.client.gui.screens.TitleScreen.createNormalMenuOptions(TitleScreen.java:179) ~[client-1.21.1-20240808.144430-srg.jar%23206!/:?]
	at TRANSFORMER/minecraft@1.21.1/net.minecraft.client.gui.screens.TitleScreen.init(TitleScreen.java:121) ~[client-1.21.1-20240808.144430-srg.jar%23206!/:?]
	at TRANSFORMER/minecraft@1.21.1/net.minecraft.client.gui.screens.Screen.init(Screen.java:317) ~[client-1.21.1-20240808.144430-srg.jar%23206!/:?]
	at TRANSFORMER/minecraft@1.21.1/net.minecraft.client.Minecraft.setScreen(Minecraft.java:1057) ~[client-1.21.1-20240808.144430-srg.jar%23206!/:?]
	at TRANSFORMER/minecraft@1.21.1/net.minecraft.client.Minecraft.lambda$buildInitialScreens$9(Minecraft.java:664) ~[client-1.21.1-20240808.144430-srg.jar%23206!/:?]
	at TRANSFORMER/minecraft@1.21.1/net.minecraft.client.Minecraft.onGameLoadFinished(Minecraft.java:650) ~[client-1.21.1-20240808.144430-srg.jar%23206!/:?]
	at TRANSFORMER/minecraft@1.21.1/net.minecraft.client.Minecraft.onResourceLoadFinished(Minecraft.java:641) ~[client-1.21.1-20240808.144430-srg.jar%23206!/:?]
	at TRANSFORMER/minecraft@1.21.1/net.minecraft.client.Minecraft.lambda$new$7(Minecraft.java:629) ~[client-1.21.1-20240808.144430-srg.jar%23206!/:?]
	at TRANSFORMER/minecraft@1.21.1/net.minecraft.Util.ifElse(Util.java:513) ~[client-1.21.1-20240808.144430-srg.jar%23206!/:?]
	at TRANSFORMER/minecraft@1.21.1/net.minecraft.client.Minecraft.lambda$new$8(Minecraft.java:623) ~[client-1.21.1-20240808.144430-srg.jar%23206!/:?]
	at TRANSFORMER/neoforge@21.1.209/net.neoforged.neoforge.client.loading.NeoForgeLoadingOverlay.mdc75e0e$accessories$lambda$addEventHook$0$0(NeoForgeLoadingOverlay.java:524) ~[neoforge-21.1.209-universal.jar%23207!/:?]
	at TRANSFORMER/neoforge@21.1.209/net.neoforged.neoforge.client.loading.NeoForgeLoadingOverlay.render(NeoForgeLoadingOverlay.java:145) ~[neoforge-21.1.209-universal.jar%23207!/:?]
	at TRANSFORMER/minecraft@1.21.1/net.minecraft.client.renderer.GameRenderer.render(GameRenderer.java:1081) ~[client-1.21.1-20240808.144430-srg.jar%23206!/:?]
	at TRANSFORMER/minecraft@1.21.1/net.minecraft.client.Minecraft.runTick(Minecraft.java:1195) ~[client-1.21.1-20240808.144430-srg.jar%23206!/:?]
	at TRANSFORMER/minecraft@1.21.1/net.minecraft.client.Minecraft.run(Minecraft.java:807) ~[client-1.21.1-20240808.144430-srg.jar%23206!/:?]
	at TRANSFORMER/minecraft@1.21.1/net.minecraft.client.main.Main.main(Main.java:230) ~[client-1.21.1-20240808.144430-srg.jar%23206!/:?]
	at java.base/jdk.internal.reflect.DirectMethodHandleAccessor.invoke(DirectMethodHandleAccessor.java:103) ~[?:?]
	at java.base/java.lang.reflect.Method.invoke(Method.java:580) ~[?:?]
	at MC-BOOTSTRAP/fml_loader@4.0.41/net.neoforged.fml.loading.targets.CommonLaunchHandler.runTarget(CommonLaunchHandler.java:136) ~[loader-4.0.41.jar%23152!/:4.0]
	at MC-BOOTSTRAP/fml_loader@4.0.41/net.neoforged.fml.loading.targets.CommonLaunchHandler.clientService(CommonLaunchHandler.java:124) ~[loader-4.0.41.jar%23152!/:4.0]
	at MC-BOOTSTRAP/fml_loader@4.0.41/net.neoforged.fml.loading.targets.CommonClientLaunchHandler.runService(CommonClientLaunchHandler.java:32) ~[loader-4.0.41.jar%23152!/:4.0]
	at MC-BOOTSTRAP/fml_loader@4.0.41/net.neoforged.fml.loading.targets.CommonLaunchHandler.lambda$launchService$4(CommonLaunchHandler.java:118) ~[loader-4.0.41.jar%23152!/:4.0]
	at MC-BOOTSTRAP/cpw.mods.modlauncher@11.0.5/cpw.mods.modlauncher.LaunchServiceHandlerDecorator.launch(LaunchServiceHandlerDecorator.java:30) [modlauncher-11.0.5.jar%23157!/:?]
	at MC-BOOTSTRAP/cpw.mods.modlauncher@11.0.5/cpw.mods.modlauncher.LaunchServiceHandler.launch(LaunchServiceHandler.java:53) [modlauncher-11.0.5.jar%23157!/:?]
	at MC-BOOTSTRAP/cpw.mods.modlauncher@11.0.5/cpw.mods.modlauncher.LaunchServiceHandler.launch(LaunchServiceHandler.java:71) [modlauncher-11.0.5.jar%23157!/:?]
	at MC-BOOTSTRAP/cpw.mods.modlauncher@11.0.5/cpw.mods.modlauncher.Launcher.run(Launcher.java:103) [modlauncher-11.0.5.jar%23157!/:?]
	at MC-BOOTSTRAP/cpw.mods.modlauncher@11.0.5/cpw.mods.modlauncher.Launcher.main(Launcher.java:74) [modlauncher-11.0.5.jar%23157!/:?]
	at MC-BOOTSTRAP/cpw.mods.modlauncher@11.0.5/cpw.mods.modlauncher.BootstrapLaunchConsumer.accept(BootstrapLaunchConsumer.java:26) [modlauncher-11.0.5.jar%23157!/:?]
	at MC-BOOTSTRAP/cpw.mods.modlauncher@11.0.5/cpw.mods.modlauncher.BootstrapLaunchConsumer.accept(BootstrapLaunchConsumer.java:23) [modlauncher-11.0.5.jar%23157!/:?]
	at cpw.mods.bootstraplauncher@2.0.2/cpw.mods.bootstraplauncher.BootstrapLauncher.run(BootstrapLauncher.java:210) [bootstraplauncher-2.0.2.jar:?]
	at cpw.mods.bootstraplauncher@2.0.2/cpw.mods.bootstraplauncher.BootstrapLauncher.main(BootstrapLauncher.java:69) [bootstraplauncher-2.0.2.jar:?]
	at java.base/jdk.internal.reflect.DirectMethodHandleAccessor.invoke(DirectMethodHandleAccessor.java:103) ~[?:?]
	at java.base/java.lang.reflect.Method.invoke(Method.java:580) ~[?:?]
	at com.modrinth.theseus.MinecraftLaunch.relaunch(MinecraftLaunch.java:63) [theseus.jar:?]
	at com.modrinth.theseus.MinecraftLaunch.main(MinecraftLaunch.java:28) [theseus.jar:?]
[02Oct2025 12:03:26.322] [Render thread/INFO] [vesper.aiutd.VersionGrabber/]: If this is first launch this error can be ignored
[02Oct2025 12:03:26.345] [Render thread/ERROR] [vesper.aiutd.VersionGrabber/]: fetchVersionError: 
java.net.URISyntaxException: Illegal character in path at index 36: https://api.modrinth.com/v2/project/<id>/version
	at java.base/java.net.URI$Parser.fail(URI.java:2995) ~[?:?]
	at java.base/java.net.URI$Parser.checkChars(URI.java:3166) ~[?:?]
	at java.base/java.net.URI$Parser.parseHierarchical(URI.java:3248) ~[?:?]
	at java.base/java.net.URI$Parser.parse(URI.java:3196) ~[?:?]
	at java.base/java.net.URI.<init>(URI.java:645) ~[?:?]
	at TRANSFORMER/aiutd@1.0.8-1.21.1-Neoforge/vesper.aiutd.VersionGrabber.getLatestVersion(VersionGrabber.java:23) ~[aiutd-1.0.8-1.21.1-Neoforge.jar%23215!/:?]
	at TRANSFORMER/minecraft@1.21.1/net.minecraft.client.gui.screens.TitleScreen.setVersion(TitleScreen.java:2535) ~[client-1.21.1-20240808.144430-srg.jar%23206!/:?]
	at TRANSFORMER/minecraft@1.21.1/net.minecraft.client.gui.screens.TitleScreen.handler$zlo000$aiutd$addUpdateNotice(TitleScreen.java:2549) ~[client-1.21.1-20240808.144430-srg.jar%23206!/:?]
	at TRANSFORMER/minecraft@1.21.1/net.minecraft.client.gui.screens.TitleScreen.createNormalMenuOptions(TitleScreen.java:179) ~[client-1.21.1-20240808.144430-srg.jar%23206!/:?]
	at TRANSFORMER/minecraft@1.21.1/net.minecraft.client.gui.screens.TitleScreen.init(TitleScreen.java:121) ~[client-1.21.1-20240808.144430-srg.jar%23206!/:?]
	at TRANSFORMER/minecraft@1.21.1/net.minecraft.client.gui.screens.Screen.rebuildWidgets(Screen.java:334) ~[client-1.21.1-20240808.144430-srg.jar%23206!/:?]
	at TRANSFORMER/minecraft@1.21.1/net.minecraft.client.gui.screens.Screen.repositionElements(Screen.java:440) ~[client-1.21.1-20240808.144430-srg.jar%23206!/:?]
	at TRANSFORMER/minecraft@1.21.1/net.minecraft.client.gui.screens.Screen.init(Screen.java:322) ~[client-1.21.1-20240808.144430-srg.jar%23206!/:?]
	at TRANSFORMER/neoforge@21.1.209/net.neoforged.neoforge.client.loading.NeoForgeLoadingOverlay.render(NeoForgeLoadingOverlay.java:151) ~[neoforge-21.1.209-universal.jar%23207!/:?]
	at TRANSFORMER/minecraft@1.21.1/net.minecraft.client.renderer.GameRenderer.render(GameRenderer.java:1081) ~[client-1.21.1-20240808.144430-srg.jar%23206!/:?]
	at TRANSFORMER/minecraft@1.21.1/net.minecraft.client.Minecraft.runTick(Minecraft.java:1195) ~[client-1.21.1-20240808.144430-srg.jar%23206!/:?]
	at TRANSFORMER/minecraft@1.21.1/net.minecraft.client.Minecraft.run(Minecraft.java:807) ~[client-1.21.1-20240808.144430-srg.jar%23206!/:?]
	at TRANSFORMER/minecraft@1.21.1/net.minecraft.client.main.Main.main(Main.java:230) ~[client-1.21.1-20240808.144430-srg.jar%23206!/:?]
	at java.base/jdk.internal.reflect.DirectMethodHandleAccessor.invoke(DirectMethodHandleAccessor.java:103) ~[?:?]
	at java.base/java.lang.reflect.Method.invoke(Method.java:580) ~[?:?]
	at MC-BOOTSTRAP/fml_loader@4.0.41/net.neoforged.fml.loading.targets.CommonLaunchHandler.runTarget(CommonLaunchHandler.java:136) ~[loader-4.0.41.jar%23152!/:4.0]
	at MC-BOOTSTRAP/fml_loader@4.0.41/net.neoforged.fml.loading.targets.CommonLaunchHandler.clientService(CommonLaunchHandler.java:124) ~[loader-4.0.41.jar%23152!/:4.0]
	at MC-BOOTSTRAP/fml_loader@4.0.41/net.neoforged.fml.loading.targets.CommonClientLaunchHandler.runService(CommonClientLaunchHandler.java:32) ~[loader-4.0.41.jar%23152!/:4.0]
	at MC-BOOTSTRAP/fml_loader@4.0.41/net.neoforged.fml.loading.targets.CommonLaunchHandler.lambda$launchService$4(CommonLaunchHandler.java:118) ~[loader-4.0.41.jar%23152!/:4.0]
	at MC-BOOTSTRAP/cpw.mods.modlauncher@11.0.5/cpw.mods.modlauncher.LaunchServiceHandlerDecorator.launch(LaunchServiceHandlerDecorator.java:30) [modlauncher-11.0.5.jar%23157!/:?]
	at MC-BOOTSTRAP/cpw.mods.modlauncher@11.0.5/cpw.mods.modlauncher.LaunchServiceHandler.launch(LaunchServiceHandler.java:53) [modlauncher-11.0.5.jar%23157!/:?]
	at MC-BOOTSTRAP/cpw.mods.modlauncher@11.0.5/cpw.mods.modlauncher.LaunchServiceHandler.launch(LaunchServiceHandler.java:71) [modlauncher-11.0.5.jar%23157!/:?]
	at MC-BOOTSTRAP/cpw.mods.modlauncher@11.0.5/cpw.mods.modlauncher.Launcher.run(Launcher.java:103) [modlauncher-11.0.5.jar%23157!/:?]
	at MC-BOOTSTRAP/cpw.mods.modlauncher@11.0.5/cpw.mods.modlauncher.Launcher.main(Launcher.java:74) [modlauncher-11.0.5.jar%23157!/:?]
	at MC-BOOTSTRAP/cpw.mods.modlauncher@11.0.5/cpw.mods.modlauncher.BootstrapLaunchConsumer.accept(BootstrapLaunchConsumer.java:26) [modlauncher-11.0.5.jar%23157!/:?]
	at MC-BOOTSTRAP/cpw.mods.modlauncher@11.0.5/cpw.mods.modlauncher.BootstrapLaunchConsumer.accept(BootstrapLaunchConsumer.java:23) [modlauncher-11.0.5.jar%23157!/:?]
	at cpw.mods.bootstraplauncher@2.0.2/cpw.mods.bootstraplauncher.BootstrapLauncher.run(BootstrapLauncher.java:210) [bootstraplauncher-2.0.2.jar:?]
	at cpw.mods.bootstraplauncher@2.0.2/cpw.mods.bootstraplauncher.BootstrapLauncher.main(BootstrapLauncher.java:69) [bootstraplauncher-2.0.2.jar:?]
	at java.base/jdk.internal.reflect.DirectMethodHandleAccessor.invoke(DirectMethodHandleAccessor.java:103) ~[?:?]
	at java.base/java.lang.reflect.Method.invoke(Method.java:580) ~[?:?]
	at com.modrinth.theseus.MinecraftLaunch.relaunch(MinecraftLaunch.java:63) [theseus.jar:?]
	at com.modrinth.theseus.MinecraftLaunch.main(MinecraftLaunch.java:28) [theseus.jar:?]
[02Oct2025 12:03:26.345] [Render thread/INFO] [vesper.aiutd.VersionGrabber/]: If this is first launch this error can be ignored
[02Oct2025 12:03:30.251] [Render thread/INFO] [net.minecraft.server.MinecraftServer/]: Found new data pack builtin/extinguishing_recipe_override, loading it automatically
[02Oct2025 12:03:30.251] [Render thread/INFO] [net.minecraft.server.MinecraftServer/]: Found new data pack builtin/aether_accessories_override, loading it automatically
[02Oct2025 12:03:31.162] [Render thread/INFO] [net.minecraft.world.item.crafting.RecipeManager/]: Loaded 1692 recipes
[02Oct2025 12:03:31.302] [Render thread/INFO] [net.minecraft.advancements.AdvancementTree/]: Loaded 1774 advancements
[02Oct2025 12:03:31.697] [Server thread/INFO] [net.minecraft.client.server.IntegratedServer/]: Starting integrated minecraft server version 1.21.1
[02Oct2025 12:03:31.697] [Server thread/INFO] [net.minecraft.server.MinecraftServer/]: Generating keypair
[02Oct2025 12:03:31.864] [Server thread/INFO] [net.minecraft.server.MinecraftServer/]: Preparing start region for dimension minecraft:overworld
[02Oct2025 12:03:32.029] [Render thread/INFO] [net.minecraft.server.level.progress.LoggerChunkProgressListener/]: Preparing spawn area: 0%
[02Oct2025 12:03:32.092] [Server thread/INFO] [net.neoforged.neoforge.server.permission.PermissionAPI/]: Successfully initialized permission handler neoforge:default_handler
[02Oct2025 12:03:32.101] [Render thread/INFO] [net.minecraft.server.level.progress.LoggerChunkProgressListener/]: Time elapsed: 228 ms
[02Oct2025 12:03:32.126] [Server thread/INFO] [net.minecraft.client.server.IntegratedServer/]: Changing view distance to 23, from 10
[02Oct2025 12:03:32.126] [Server thread/INFO] [net.minecraft.client.server.IntegratedServer/]: Changing simulation distance to 12, from 0
[02Oct2025 12:03:32.519] [Server thread/INFO] [net.minecraft.server.players.PlayerList/]: d9_m_5[local:E:cfe90e98] logged in with entity id 18 at (4.43695526906347, -60.0, -2.381748563583313)
[02Oct2025 12:03:32.601] [Server thread/INFO] [net.minecraft.server.MinecraftServer/]: d9_m_5 joined the game
[02Oct2025 12:03:32.685] [Render thread/INFO] [vesper.aiutd.CommandRegister/]: net.minecraft.commands.CommandBuildContext$1@2694b6f6
[02Oct2025 12:03:32.694] [Render thread/WARN] [io.wispforest.accessories.impl.AccessoriesHolderImpl/]: It seems the given player has no slots bound to it within a init call, is that desired?
[02Oct2025 12:03:32.706] [Render thread/INFO] [vesper.aiutd.AIUTDChatMessage/]: true
[02Oct2025 12:03:32.783] [Render thread/INFO] [vesper.aiutd.CommandRegister/]: net.minecraft.commands.CommandBuildContext$1@7ec16640
[02Oct2025 12:03:32.797] [Render thread/WARN] [net.neoforged.fml.config.ConfigTracker/]: Overwriting non-null config LoadedConfig[config=SynchronizedConfig{DataHolder:{general=SynchronizedConfig{DataHolder:{extra_debug=false, extra_children_debug=false, faster_cache_search=true}}}}, path=C:\Users\dninemfive\Games\Modrinth\AppData\profiles\LibPack\config\moonlight-common.toml, modConfig=net.neoforged.fml.config.ModConfig@56addb84] at path moonlight-common.toml with synced config
[02Oct2025 12:03:32.799] [Render thread/INFO] [Moonlight/]: Synced moonlight-common.toml configs
[02Oct2025 12:03:32.799] [Render thread/WARN] [net.neoforged.fml.config.ConfigTracker/]: Overwriting non-null config LoadedConfig[config=SynchronizedConfig{DataHolder:{lectern=SynchronizedConfig{DataHolder:{improved_screen=true}}, fireball=SynchronizedConfig{DataHolder:{thrown_cooldown=10, dragon_charge=true, gravity=true, deflectable=false, fire_charges_throwable=true, fire_charges_dispenser_behavior=true, improved_explosions=true}}, snowball=SynchronizedConfig{DataHolder:{freeze_ticks=35}}, hanging_signs=SynchronizedConfig{DataHolder:{items_on_signs=true}}, cauldron=SynchronizedConfig{DataHolder:{enhanced_cauldron=true, hand_crafting=true, in_world_crafting=true, dye_water=true, dye_recipes_per_layer=4, potion_recipes_per_layer=2, potions_mixing=ON, potion_mixing_limit=8, connect_to_fences=true, consistent_lava_layers=false, inverse_potions=SynchronizedConfig{DataHolder:{minecraft:mining_fatigue=minecraft:haste, minecraft:instant_health=minecraft:instant_damage, minecraft:unluck=minecraft:luck, minecraft:instant_damage=minecraft:instant_health, minecraft:weakness=minecraft:strength, minecraft:slowness=minecraft:speed, minecraft:haste=minecraft:mining_fatigue, minecraft:strength=minecraft:weakness, minecraft:speed=minecraft:slowness, minecraft:luck=minecraft:unluck}}}}, tripwire_hook=SynchronizedConfig{DataHolder:{tool_hook=true}}, carpets=SynchronizedConfig{DataHolder:{carpeted_stairs=true, carpeted_slabs=true}}, cake=SynchronizedConfig{DataHolder:{double_cake=true, directional_cake=true}}, mob_head=SynchronizedConfig{DataHolder:{skull_piles=true, skull_candles=true, multiple_candles=true}}, flower_pot=SynchronizedConfig{DataHolder:{hanging_pot=true}}, lantern=SynchronizedConfig{DataHolder:{wall_lanterns=true, high_priority=true, mod_blacklist=[bbb, extlights, betterendforge, spelunkery, galosphere, tconstruct, enigmaticlegacy, beautify], id_whitelist=[enlightened_end:xenon_lantern], falling_lanterns=ON}}, bell=SynchronizedConfig{DataHolder:{chain_ringing=true, chain_length=16}}, banners=SynchronizedConfig{DataHolder:{ceiling_banners=true}}, misc=SynchronizedConfig{DataHolder:{dye_blocks=false}}, torch=SynchronizedConfig{DataHolder:{torch_fire=true, torch_fire_offhand=false, torch_fire_duration=2}}, lily_pad=SynchronizedConfig{DataHolder:{better_lilypads=true}}}}, path=C:\Users\dninemfive\Games\Modrinth\AppData\profiles\LibPack\config\amendments-common.toml, modConfig=net.neoforged.fml.config.ModConfig@3b64c56c] at path amendments-common.toml with synced config
[02Oct2025 12:03:32.799] [Render thread/INFO] [Moonlight/]: Synced amendments-common.toml configs
[02Oct2025 12:03:32.801] [Render thread/INFO] [net.minecraft.advancements.AdvancementTree/]: Loaded 42 advancements
[02Oct2025 12:03:36.063] [Render thread/INFO] [vesper.aiutd.CommandRegister/]: net.minecraft.commands.CommandBuildContext$1@7794926
[02Oct2025 12:03:36.694] [Render thread/WARN] [net.minecraft.client.multiplayer.ClientPacketListener/]: Received passengers for unknown entity
[02Oct2025 12:03:37.570] [Sound engine/ERROR] [com.mojang.blaze3d.audio.OpenAlUtil/]: Stop: Invalid name parameter.
[02Oct2025 12:03:37.840] [Render thread/INFO] [vesper.aiutd.CommandRegister/]: net.minecraft.commands.CommandBuildContext$1@7b14953f
[02Oct2025 12:03:39.048] [Server thread/INFO] [net.minecraft.client.server.IntegratedServer/]: Saving and pausing game...
[02Oct2025 12:03:39.068] [Server thread/INFO] [net.minecraft.server.MinecraftServer/]: Saving chunks for level 'ServerLevel[test]'/minecraft:overworld
[02Oct2025 12:03:39.255] [Server thread/INFO] [net.minecraft.server.MinecraftServer/]: Saving chunks for level 'ServerLevel[test]'/minecraft:the_end
[02Oct2025 12:03:39.255] [Server thread/INFO] [net.minecraft.server.MinecraftServer/]: Saving chunks for level 'ServerLevel[test]'/aether:the_aether
[02Oct2025 12:03:39.255] [Server thread/INFO] [net.minecraft.server.MinecraftServer/]: Saving chunks for level 'ServerLevel[test]'/minecraft:the_nether
[02Oct2025 12:03:39.277] [Server thread/INFO] [net.minecraft.server.network.ServerGamePacketListenerImpl/]: d9_m_5 lost connection: Disconnected
[02Oct2025 12:03:39.277] [Server thread/INFO] [net.minecraft.server.MinecraftServer/]: d9_m_5 left the game
[02Oct2025 12:03:39.291] [Server thread/INFO] [net.minecraft.server.network.ServerCommonPacketListenerImpl/]: Stopping singleplayer server as player logged out
[02Oct2025 12:03:39.302] [Server thread/INFO] [net.minecraft.server.MinecraftServer/]: Stopping server
[02Oct2025 12:03:39.303] [Server thread/INFO] [net.minecraft.server.MinecraftServer/]: Saving players
[02Oct2025 12:03:39.303] [Server thread/INFO] [net.minecraft.server.MinecraftServer/]: Saving worlds
[02Oct2025 12:03:39.637] [Server thread/INFO] [net.minecraft.server.MinecraftServer/]: Saving chunks for level 'ServerLevel[test]'/minecraft:overworld
[02Oct2025 12:03:39.672] [Server thread/INFO] [net.minecraft.server.MinecraftServer/]: Saving chunks for level 'ServerLevel[test]'/minecraft:the_end
[02Oct2025 12:03:39.677] [Server thread/INFO] [net.minecraft.server.MinecraftServer/]: Saving chunks for level 'ServerLevel[test]'/aether:the_aether
[02Oct2025 12:03:39.684] [Server thread/INFO] [net.minecraft.server.MinecraftServer/]: Saving chunks for level 'ServerLevel[test]'/minecraft:the_nether
[02Oct2025 12:03:39.717] [Server thread/INFO] [net.minecraft.server.MinecraftServer/]: ThreadedAnvilChunkStorage (test): All chunks are saved
[02Oct2025 12:03:39.717] [Server thread/INFO] [net.minecraft.server.MinecraftServer/]: ThreadedAnvilChunkStorage (DIM1): All chunks are saved
[02Oct2025 12:03:39.717] [Server thread/INFO] [net.minecraft.server.MinecraftServer/]: ThreadedAnvilChunkStorage (the_aether): All chunks are saved
[02Oct2025 12:03:39.717] [Server thread/INFO] [net.minecraft.server.MinecraftServer/]: ThreadedAnvilChunkStorage (DIM-1): All chunks are saved
[02Oct2025 12:03:39.717] [Server thread/INFO] [net.minecraft.server.MinecraftServer/]: ThreadedAnvilChunkStorage: All dimensions are saved
[02Oct2025 12:03:39.942] [Render thread/ERROR] [vesper.aiutd.VersionGrabber/]: fetchVersionError: 
java.net.URISyntaxException: Illegal character in path at index 36: https://api.modrinth.com/v2/project/<id>/version
	at java.base/java.net.URI$Parser.fail(URI.java:2995) ~[?:?]
	at java.base/java.net.URI$Parser.checkChars(URI.java:3166) ~[?:?]
	at java.base/java.net.URI$Parser.parseHierarchical(URI.java:3248) ~[?:?]
	at java.base/java.net.URI$Parser.parse(URI.java:3196) ~[?:?]
	at java.base/java.net.URI.<init>(URI.java:645) ~[?:?]
	at TRANSFORMER/aiutd@1.0.8-1.21.1-Neoforge/vesper.aiutd.VersionGrabber.getLatestVersion(VersionGrabber.java:23) ~[aiutd-1.0.8-1.21.1-Neoforge.jar%23215!/:?]
	at TRANSFORMER/minecraft@1.21.1/net.minecraft.client.gui.screens.TitleScreen.setVersion(TitleScreen.java:2535) ~[client-1.21.1-20240808.144430-srg.jar%23206!/:?]
	at TRANSFORMER/minecraft@1.21.1/net.minecraft.client.gui.screens.TitleScreen.handler$zlo000$aiutd$addUpdateNotice(TitleScreen.java:2549) ~[client-1.21.1-20240808.144430-srg.jar%23206!/:?]
	at TRANSFORMER/minecraft@1.21.1/net.minecraft.client.gui.screens.TitleScreen.createNormalMenuOptions(TitleScreen.java:179) ~[client-1.21.1-20240808.144430-srg.jar%23206!/:?]
	at TRANSFORMER/minecraft@1.21.1/net.minecraft.client.gui.screens.TitleScreen.init(TitleScreen.java:121) ~[client-1.21.1-20240808.144430-srg.jar%23206!/:?]
	at TRANSFORMER/minecraft@1.21.1/net.minecraft.client.gui.screens.Screen.init(Screen.java:317) ~[client-1.21.1-20240808.144430-srg.jar%23206!/:?]
	at TRANSFORMER/minecraft@1.21.1/net.minecraft.client.Minecraft.setScreen(Minecraft.java:1057) ~[client-1.21.1-20240808.144430-srg.jar%23206!/:?]
	at TRANSFORMER/minecraft@1.21.1/net.minecraft.client.gui.screens.PauseScreen.onDisconnect(PauseScreen.java:134) ~[client-1.21.1-20240808.144430-srg.jar%23206!/:?]
	at TRANSFORMER/minecraft@1.21.1/net.minecraft.client.multiplayer.chat.report.ReportingContext.draftReportHandled(ReportingContext.java:52) ~[client-1.21.1-20240808.144430-srg.jar%23206!/:?]
	at TRANSFORMER/minecraft@1.21.1/net.minecraft.client.gui.screens.PauseScreen.lambda$createPauseMenu$9(PauseScreen.java:104) ~[client-1.21.1-20240808.144430-srg.jar%23206!/:?]
	at TRANSFORMER/minecraft@1.21.1/net.minecraft.client.gui.components.Button.onPress(Button.java:41) ~[client-1.21.1-20240808.144430-srg.jar%23206!/:?]
	at TRANSFORMER/minecraft@1.21.1/net.minecraft.client.gui.components.AbstractButton.onClick(AbstractButton.java:47) ~[client-1.21.1-20240808.144430-srg.jar%23206!/:?]
	at TRANSFORMER/neoforge@21.1.209/net.neoforged.neoforge.client.extensions.IAbstractWidgetExtension.onClick(IAbstractWidgetExtension.java:36) ~[neoforge-21.1.209-universal.jar%23207!/:?]
	at TRANSFORMER/minecraft@1.21.1/net.minecraft.client.gui.components.AbstractWidget.mouseClicked(AbstractWidget.java:144) ~[client-1.21.1-20240808.144430-srg.jar%23206!/:?]
	at TRANSFORMER/minecraft@1.21.1/net.minecraft.client.gui.components.events.ContainerEventHandler.mouseClicked(ContainerEventHandler.java:38) ~[client-1.21.1-20240808.144430-srg.jar%23206!/:?]
	at TRANSFORMER/minecraft@1.21.1/net.minecraft.client.MouseHandler.lambda$onPress$0(MouseHandler.java:98) ~[client-1.21.1-20240808.144430-srg.jar%23206!/:?]
	at TRANSFORMER/minecraft@1.21.1/net.minecraft.client.gui.screens.Screen.wrapScreenError(Screen.java:451) ~[client-1.21.1-20240808.144430-srg.jar%23206!/:?]
	at TRANSFORMER/minecraft@1.21.1/net.minecraft.client.MouseHandler.onPress(MouseHandler.java:95) ~[client-1.21.1-20240808.144430-srg.jar%23206!/:?]
	at TRANSFORMER/minecraft@1.21.1/net.minecraft.client.MouseHandler.lambda$setup$4(MouseHandler.java:202) ~[client-1.21.1-20240808.144430-srg.jar%23206!/:?]
	at TRANSFORMER/minecraft@1.21.1/net.minecraft.util.thread.BlockableEventLoop.execute(BlockableEventLoop.java:98) ~[client-1.21.1-20240808.144430-srg.jar%23206!/:?]
	at TRANSFORMER/minecraft@1.21.1/net.minecraft.client.MouseHandler.lambda$setup$5(MouseHandler.java:202) ~[client-1.21.1-20240808.144430-srg.jar%23206!/:?]
	at MC-BOOTSTRAP/org.lwjgl.glfw@3.3.3+5/org.lwjgl.glfw.GLFWMouseButtonCallbackI.callback(GLFWMouseButtonCallbackI.java:43) ~[lwjgl-glfw-3.3.3.jar%23136!/:build 5]
	at MC-BOOTSTRAP/org.lwjgl@3.3.3+5/org.lwjgl.system.JNI.invokeV(Native Method) ~[lwjgl-3.3.3.jar%23148!/:build 5]
	at MC-BOOTSTRAP/org.lwjgl.glfw@3.3.3+5/org.lwjgl.glfw.GLFW.glfwWaitEventsTimeout(GLFW.java:3509) ~[lwjgl-glfw-3.3.3.jar%23136!/:build 5]
	at TRANSFORMER/minecraft@1.21.1/com.mojang.blaze3d.systems.RenderSystem.limitDisplayFPS(RenderSystem.java:162) ~[client-1.21.1-20240808.144430-srg.jar%23206!/:?]
	at TRANSFORMER/minecraft@1.21.1/net.minecraft.client.Minecraft.runTick(Minecraft.java:1220) ~[client-1.21.1-20240808.144430-srg.jar%23206!/:?]
	at TRANSFORMER/minecraft@1.21.1/net.minecraft.client.Minecraft.run(Minecraft.java:807) ~[client-1.21.1-20240808.144430-srg.jar%23206!/:?]
	at TRANSFORMER/minecraft@1.21.1/net.minecraft.client.main.Main.main(Main.java:230) ~[client-1.21.1-20240808.144430-srg.jar%23206!/:?]
	at java.base/jdk.internal.reflect.DirectMethodHandleAccessor.invoke(DirectMethodHandleAccessor.java:103) ~[?:?]
	at java.base/java.lang.reflect.Method.invoke(Method.java:580) ~[?:?]
	at MC-BOOTSTRAP/fml_loader@4.0.41/net.neoforged.fml.loading.targets.CommonLaunchHandler.runTarget(CommonLaunchHandler.java:136) ~[loader-4.0.41.jar%23152!/:4.0]
	at MC-BOOTSTRAP/fml_loader@4.0.41/net.neoforged.fml.loading.targets.CommonLaunchHandler.clientService(CommonLaunchHandler.java:124) ~[loader-4.0.41.jar%23152!/:4.0]
	at MC-BOOTSTRAP/fml_loader@4.0.41/net.neoforged.fml.loading.targets.CommonClientLaunchHandler.runService(CommonClientLaunchHandler.java:32) ~[loader-4.0.41.jar%23152!/:4.0]
	at MC-BOOTSTRAP/fml_loader@4.0.41/net.neoforged.fml.loading.targets.CommonLaunchHandler.lambda$launchService$4(CommonLaunchHandler.java:118) ~[loader-4.0.41.jar%23152!/:4.0]
	at MC-BOOTSTRAP/cpw.mods.modlauncher@11.0.5/cpw.mods.modlauncher.LaunchServiceHandlerDecorator.launch(LaunchServiceHandlerDecorator.java:30) [modlauncher-11.0.5.jar%23157!/:?]
	at MC-BOOTSTRAP/cpw.mods.modlauncher@11.0.5/cpw.mods.modlauncher.LaunchServiceHandler.launch(LaunchServiceHandler.java:53) [modlauncher-11.0.5.jar%23157!/:?]
	at MC-BOOTSTRAP/cpw.mods.modlauncher@11.0.5/cpw.mods.modlauncher.LaunchServiceHandler.launch(LaunchServiceHandler.java:71) [modlauncher-11.0.5.jar%23157!/:?]
	at MC-BOOTSTRAP/cpw.mods.modlauncher@11.0.5/cpw.mods.modlauncher.Launcher.run(Launcher.java:103) [modlauncher-11.0.5.jar%23157!/:?]
	at MC-BOOTSTRAP/cpw.mods.modlauncher@11.0.5/cpw.mods.modlauncher.Launcher.main(Launcher.java:74) [modlauncher-11.0.5.jar%23157!/:?]
	at MC-BOOTSTRAP/cpw.mods.modlauncher@11.0.5/cpw.mods.modlauncher.BootstrapLaunchConsumer.accept(BootstrapLaunchConsumer.java:26) [modlauncher-11.0.5.jar%23157!/:?]
	at MC-BOOTSTRAP/cpw.mods.modlauncher@11.0.5/cpw.mods.modlauncher.BootstrapLaunchConsumer.accept(BootstrapLaunchConsumer.java:23) [modlauncher-11.0.5.jar%23157!/:?]
	at cpw.mods.bootstraplauncher@2.0.2/cpw.mods.bootstraplauncher.BootstrapLauncher.run(BootstrapLauncher.java:210) [bootstraplauncher-2.0.2.jar:?]
	at cpw.mods.bootstraplauncher@2.0.2/cpw.mods.bootstraplauncher.BootstrapLauncher.main(BootstrapLauncher.java:69) [bootstraplauncher-2.0.2.jar:?]
	at java.base/jdk.internal.reflect.DirectMethodHandleAccessor.invoke(DirectMethodHandleAccessor.java:103) ~[?:?]
	at java.base/java.lang.reflect.Method.invoke(Method.java:580) ~[?:?]
	at com.modrinth.theseus.MinecraftLaunch.relaunch(MinecraftLaunch.java:63) [theseus.jar:?]
	at com.modrinth.theseus.MinecraftLaunch.main(MinecraftLaunch.java:28) [theseus.jar:?]
[02Oct2025 12:03:39.943] [Render thread/INFO] [vesper.aiutd.VersionGrabber/]: If this is first launch this error can be ignored
[02Oct2025 12:03:40.278] [Render thread/INFO] [net.minecraft.client.Minecraft/]: Stopping!
